<?xml version="1.0" encoding="UTF-8"?>
<!-- Generated by org.testng.reporters.JUnitReportReporter -->
<testsuite hostname="DESKTOP-QR0VDMM" failures="0" tests="1" name="autoDesk.SampleTest" time="0.045" errors="0" timestamp="2024-12-25T08:48:00 IST" skipped="0">
  <testcase classname="autoDesk.SampleTest" name="sample" time="0.045"/>
</testsuite> <!-- autoDesk.SampleTest -->
