<?xml version="1.0" encoding="UTF-8"?>
<!-- Generated by org.testng.reporters.JUnitReportReporter -->
<testsuite hostname="DESKTOP-QR0VDMM" failures="0" tests="1" name="DropDownHoverTest" time="47.096" errors="0" timestamp="2025-01-17T12:42:02 IST" skipped="0">
  <testcase classname="DropDownHoverTest" name="dropDownMethod" time="47.096"/>
</testsuite> <!-- DropDownHoverTest -->
