<?xml version="1.0" encoding="UTF-8"?>
<!-- Generated by org.testng.reporters.JUnitReportReporter -->
<testsuite hostname="DESKTOP-QR0VDMM" failures="0" tests="1" name="datadrivertesting.ReadDataFromCmdLine" time="0.011" errors="0" timestamp="2024-12-26T13:59:40 IST" skipped="0">
  <testcase classname="datadrivertesting.ReadDataFromCmdLine" name="readDataTest" time="0.011"/>
</testsuite> <!-- datadrivertesting.ReadDataFromCmdLine -->
