<?xml version="1.0" encoding="UTF-8"?>
<!-- Generated by org.testng.reporters.JUnitReportReporter -->
<testsuite hostname="DESKTOP-QR0VDMM" failures="0" tests="1" name="autoDesk.Demo" time="0.115" errors="0" timestamp="2024-12-24T09:52:29 IST" skipped="0">
  <testcase classname="autoDesk.Demo" name="demoTest" time="0.115"/>
</testsuite> <!-- autoDesk.Demo -->
