<?xml version="1.0" encoding="UTF-8"?>
<!-- Generated by org.testng.reporters.JUnitReportReporter -->
<testsuite hostname="DESKTOP-QR0VDMM" failures="0" tests="2" name="autoDesk.DemoProgramTest" time="0.036" errors="0" timestamp="2025-01-27T14:09:14 IST" skipped="0">
  <testcase classname="autoDesk.DemoProgramTest" name="SecondProgram" time="0.016"/>
  <testcase classname="autoDesk.DemoProgramTest" name="FirstProgram" time="0.020"/>
</testsuite> <!-- autoDesk.DemoProgramTest -->
